<?xml version="1.0" encoding="UTF-8"?>
<!-- Generated by org.testng.reporters.JUnitReportReporter -->
<testsuite skipped="0" hostname="LAPTOP-M2PRJL4G" name="scripts.TestLogin" tests="2" failures="0" timestamp="04 Jan 2019 05:29:22 GMT" time="285.105" errors="0">
  <testcase name="test" time="91.357" classname="scripts.TestLogin"/>
  <testcase name="test" time="193.748" classname="scripts.TestLogin"/>
</testsuite> <!-- scripts.TestLogin -->
